Tecplot 2018.2.1.93726 Batch Log
ACTION: LoadAddOn
ACTION: LoadAddOn
ACTION: LoadAddOn
ACTION: LoadAddOn
ACTION: LoadAddOn
ACTION: LoadAddOn
ACTION: LoadAddOn
ACTION: LoadAddOn
ACTION: LoadAddOn
ACTION: LoadAddOn
ACTION: LoadAddOn
ACTION: LoadAddOn
ACTION: LoadAddOn
ACTION: LoadAddOn
ACTION: LoadAddOn
ACTION: LoadAddOn
ACTION: LoadAddOn
ACTION: LoadAddOn
ACTION: LoadAddOn
ACTION: LoadAddOn
ACTION: LoadAddOn
ACTION: LoadAddOn
ACTION: LoadAddOn
ACTION: LoadAddOn
ACTION: LoadAddOn
ACTION: LoadAddOn
ACTION: LoadAddOn
ACTION: LoadAddOn
ACTION: LoadAddOn
ACTION: LoadAddOn
ACTION: LoadAddOn
ACTION: LoadAddOn
ACTION: LoadAddOn
ACTION: LoadAddOn
ACTION: LoadAddOn
ACTION: LoadAddOn
ACTION: LoadAddOn
ACTION: LoadAddOn
ACTION: LoadAddOn
ACTION: NewLayout
ACTION: ReadDataSet: "d:\Ming_DOCUMENTS\Working\Data_processing_py\plotTest\untitled.plt"
ACTION: ReadDataSet: "d:\Ming_DOCUMENTS\Working\Data_processing_py\plotTest\untitled.plt"
ACTION: ReadDataSet: "d:\Ming_DOCUMENTS\Working\Data_processing_py\plotTest\Meanflow.dat"
Error: Err: Unexpected End of File in Datafile header
ACTION: ReadDataSet: "d:\Ming_DOCUMENTS\Working\Data_processing_py\plotTest\Meanflow.dat"
Error: Err: Unexpected End of File in Datafile header
ACTION: ReadDataSet: "d:\Ming_DOCUMENTS\Working\Data_processing_py\plotTest\Meanflow.dat"
ACTION: ReadDataSet: "d:\Ming_DOCUMENTS\Working\Data_processing_py\plotTest\Meanflow.dat"
ACTION: ReadDataSet: "d:\Ming_DOCUMENTS\Working\Data_processing_py\plotTest\untitled.plt"
ACTION: ReadDataSet: "d:\Ming_DOCUMENTS\Working\Data_processing_py\plotTest\untitled.plt"
ACTION: ReadDataSet: "d:\Ming_DOCUMENTS\Working\Data_processing_py\plotTest\untitled.plt"
ACTION: ReadDataSet: "d:\Ming_DOCUMENTS\Working\Data_processing_py\plotTest\untitled.plt"
ACTION: ReadDataSet: "d:\Ming_DOCUMENTS\Working\Data_processing_py\plotTest\untitled.plt"
ACTION: ReadDataSet: "d:\Ming_DOCUMENTS\Working\Data_processing_py\plotTest\untitled.plt"
ACTION: ReadDataSet: "d:\Ming_DOCUMENTS\Working\Data_processing_py\plotTest\Binned_linear_20mm_P.plt"
ACTION: ReadDataSet: "d:\Ming_DOCUMENTS\Working\Data_processing_py\plotTest\Binned_linear_20mm_P.plt"
ACTION: ReadDataSet: "d:\Ming_DOCUMENTS\Working\Data_processing_py\plotTest\Binned_linear_20mm_P.plt"
ACTION: ReadDataSet: "d:\Ming_DOCUMENTS\Working\Data_processing_py\plotTest\Meanflow.dat"
Error: Err: Unexpected End of File in Datafile header
ACTION: ReadDataSet: "d:\Ming_DOCUMENTS\Working\Data_processing_py\plotTest\Binned_linear_20mm_P.plt"
